<?xml version="1.0" encoding="UTF-8"?>
<!-- Generated by org.testng.reporters.JUnitXMLReporter -->
<testsuite hostname="WKWIN2688392" name="Default test" tests="6" failures="1" timestamp="22 Mar 2020 16:05:55 GMT" time="2.665" errors="0">
  <testcase name="@BeforeTest setupParameters" time="0.0" classname="com.tests.BaseTest">
    <failure type="org.testng.TestNGException" message="
Parameter &amp;apos;noOfPassengers&amp;apos; is required by @Configuration on method setupParameters but has not been marked @Optional or defined
in C:\Users\ajakumar25\AppData\Local\Temp\testng-eclipse--797959294\testng-customsuite.xml">
      <![CDATA[org.testng.TestNGException: 
Parameter 'noOfPassengers' is required by @Configuration on method setupParameters but has not been marked @Optional or defined
in C:\Users\ajakumar25\AppData\Local\Temp\testng-eclipse--797959294\testng-customsuite.xml
	at org.testng.internal.Parameters.createParameters(Parameters.java:156)
	at org.testng.internal.Parameters.createParameters(Parameters.java:370)
	at org.testng.internal.Parameters.createConfigurationParameters(Parameters.java:86)
	at org.testng.internal.Invoker.invokeConfigurations(Invoker.java:202)
	at org.testng.internal.Invoker.invokeConfigurations(Invoker.java:143)
	at org.testng.TestRunner.beforeRun(TestRunner.java:631)
	at org.testng.TestRunner.run(TestRunner.java:599)
	at org.testng.SuiteRunner.runTest(SuiteRunner.java:368)
	at org.testng.SuiteRunner.runSequentially(SuiteRunner.java:363)
	at org.testng.SuiteRunner.privateRun(SuiteRunner.java:321)
	at org.testng.SuiteRunner.run(SuiteRunner.java:270)
	at org.testng.SuiteRunnerWorker.runSuite(SuiteRunnerWorker.java:52)
	at org.testng.SuiteRunnerWorker.run(SuiteRunnerWorker.java:86)
	at org.testng.TestNG.runSuitesSequentially(TestNG.java:1284)
	at org.testng.TestNG.runSuitesLocally(TestNG.java:1209)
	at org.testng.TestNG.runSuites(TestNG.java:1124)
	at org.testng.TestNG.run(TestNG.java:1096)
	at org.testng.remote.AbstractRemoteTestNG.run(AbstractRemoteTestNG.java:132)
	at org.testng.remote.RemoteTestNG.initAndRun(RemoteTestNG.java:236)
	at org.testng.remote.RemoteTestNG.main(RemoteTestNG.java:81)
]]>
    </failure>
  </testcase> <!-- @BeforeTest setupParameters -->
  <testcase name="@AfterTest quitDriver" time="0.0" classname="com.tests.BaseTest">
    <skipped/>
  </testcase> <!-- @AfterTest quitDriver -->
  <testcase name="registrationPage" time="0.002" classname="com.newtours.tests.BookFlightTest">
    <skipped/>
  </testcase> <!-- registrationPage -->
  <testcase name="search" time="0.0" classname="com.searchmodule.tests.SearchTest">
    <failure type="org.testng.TestNGException" message="
Parameter &amp;apos;keyword&amp;apos; is required by @Test on method search but has not been marked @Optional or defined
in C:\Users\ajakumar25\AppData\Local\Temp\testng-eclipse--797959294\testng-customsuite.xml">
      <![CDATA[org.testng.TestNGException: 
Parameter 'keyword' is required by @Test on method search but has not been marked @Optional or defined
in C:\Users\ajakumar25\AppData\Local\Temp\testng-eclipse--797959294\testng-customsuite.xml
	at org.testng.internal.Parameters.createParameters(Parameters.java:156)
	at org.testng.internal.Parameters.createParameters(Parameters.java:370)
	at org.testng.internal.Parameters.handleParameters(Parameters.java:495)
	at org.testng.internal.Invoker.handleParameters(Invoker.java:1253)
	at org.testng.internal.Invoker.createParameters(Invoker.java:980)
	at org.testng.internal.Invoker.invokeTestMethods(Invoker.java:1070)
	at org.testng.internal.TestMethodWorker.invokeTestMethods(TestMethodWorker.java:129)
	at org.testng.internal.TestMethodWorker.run(TestMethodWorker.java:112)
	at org.testng.TestRunner.privateRun(TestRunner.java:753)
	at org.testng.TestRunner.run(TestRunner.java:607)
	at org.testng.SuiteRunner.runTest(SuiteRunner.java:368)
	at org.testng.SuiteRunner.runSequentially(SuiteRunner.java:363)
	at org.testng.SuiteRunner.privateRun(SuiteRunner.java:321)
	at org.testng.SuiteRunner.run(SuiteRunner.java:270)
	at org.testng.SuiteRunnerWorker.runSuite(SuiteRunnerWorker.java:52)
	at org.testng.SuiteRunnerWorker.run(SuiteRunnerWorker.java:86)
	at org.testng.TestNG.runSuitesSequentially(TestNG.java:1284)
	at org.testng.TestNG.runSuitesLocally(TestNG.java:1209)
	at org.testng.TestNG.runSuites(TestNG.java:1124)
	at org.testng.TestNG.run(TestNG.java:1096)
	at org.testng.remote.AbstractRemoteTestNG.run(AbstractRemoteTestNG.java:132)
	at org.testng.remote.RemoteTestNG.initAndRun(RemoteTestNG.java:236)
	at org.testng.remote.RemoteTestNG.main(RemoteTestNG.java:81)
]]>
    </failure>
  </testcase> <!-- search -->
  <testcase name="registrationConfirmationPage" time="0.0" classname="com.newtours.tests.BookFlightTest">
    <skipped/>
  </testcase> <!-- registrationConfirmationPage -->
  <testcase name="flightDetailsPage" time="0.0" classname="com.newtours.tests.BookFlightTest">
    <skipped/>
  </testcase> <!-- flightDetailsPage -->
  <testcase name="findFlightPage" time="0.001" classname="com.newtours.tests.BookFlightTest">
    <skipped/>
  </testcase> <!-- findFlightPage -->
  <testcase name="flightConfirmationPage" time="0.0" classname="com.newtours.tests.BookFlightTest">
    <skipped/>
  </testcase> <!-- flightConfirmationPage -->
</testsuite> <!-- Default test -->
